### 17.04.2019 17:32:02
Array
(
    [images] => Array
        (
            [0] => Array
                (
                    [id] => 5
                    [name] => 05.jpg
                    [view] => 10
                )

            [1] => Array
                (
                    [id] => 4
                    [name] => 04.jpg
                    [view] => 7
                )

            [2] => Array
                (
                    [id] => 1
                    [name] => 01.jpg
                    [view] => 4
                )

            [3] => Array
                (
                    [id] => 2
                    [name] => 02.jpg
                    [view] => 4
                )

            [4] => Array
                (
                    [id] => 3
                    [name] => 03.jpg
                    [view] => 4
                )

            [5] => Array
                (
                    [id] => 15
                    [name] => 15.jpg
                    [view] => 2
                )

            [6] => Array
                (
                    [id] => 17
                    [name] => xIRYP-0tN-4.jpg
                    [view] => 2
                )

            [7] => Array
                (
                    [id] => 14
                    [name] => 14.jpg
                    [view] => 1
                )

            [8] => Array
                (
                    [id] => 16
                    [name] => rospotrebnadzor.jpg
                    [view] => 1
                )

            [9] => Array
                (
                    [id] => 7
                    [name] => 06.jpg
                    [view] => 0
                )

            [10] => Array
                (
                    [id] => 8
                    [name] => 07.jpg
                    [view] => 0
                )

            [11] => Array
                (
                    [id] => 9
                    [name] => 08.jpg
                    [view] => 0
                )

            [12] => Array
                (
                    [id] => 10
                    [name] => 09.jpg
                    [view] => 0
                )

            [13] => Array
                (
                    [id] => 11
                    [name] => 10.jpg
                    [view] => 0
                )

            [14] => Array
                (
                    [id] => 12
                    [name] => 12.jpg
                    [view] => 0
                )

            [15] => Array
                (
                    [id] => 13
                    [name] => 13.jpg
                    [view] => 0
                )

        )

)



### 17.04.2019 17:32:09
Array
(
    [name] => 15.jpg
    [big] => img/gallery/big/15.jpg
)



### 17.04.2019 17:32:10
Array
(
    [images] => Array
        (
            [0] => Array
                (
                    [id] => 5
                    [name] => 05.jpg
                    [view] => 10
                )

            [1] => Array
                (
                    [id] => 4
                    [name] => 04.jpg
                    [view] => 7
                )

            [2] => Array
                (
                    [id] => 1
                    [name] => 01.jpg
                    [view] => 4
                )

            [3] => Array
                (
                    [id] => 2
                    [name] => 02.jpg
                    [view] => 4
                )

            [4] => Array
                (
                    [id] => 3
                    [name] => 03.jpg
                    [view] => 4
                )

            [5] => Array
                (
                    [id] => 15
                    [name] => 15.jpg
                    [view] => 3
                )

            [6] => Array
                (
                    [id] => 17
                    [name] => xIRYP-0tN-4.jpg
                    [view] => 2
                )

            [7] => Array
                (
                    [id] => 14
                    [name] => 14.jpg
                    [view] => 1
                )

            [8] => Array
                (
                    [id] => 16
                    [name] => rospotrebnadzor.jpg
                    [view] => 1
                )

            [9] => Array
                (
                    [id] => 7
                    [name] => 06.jpg
                    [view] => 0
                )

            [10] => Array
                (
                    [id] => 8
                    [name] => 07.jpg
                    [view] => 0
                )

            [11] => Array
                (
                    [id] => 9
                    [name] => 08.jpg
                    [view] => 0
                )

            [12] => Array
                (
                    [id] => 10
                    [name] => 09.jpg
                    [view] => 0
                )

            [13] => Array
                (
                    [id] => 11
                    [name] => 10.jpg
                    [view] => 0
                )

            [14] => Array
                (
                    [id] => 12
                    [name] => 12.jpg
                    [view] => 0
                )

            [15] => Array
                (
                    [id] => 13
                    [name] => 13.jpg
                    [view] => 0
                )

        )

)



### 17.04.2019 17:32:11
Array
(
    [name] => 15.jpg
    [big] => img/gallery/big/15.jpg
)



### 17.04.2019 17:32:12
Array
(
    [images] => Array
        (
            [0] => Array
                (
                    [id] => 5
                    [name] => 05.jpg
                    [view] => 10
                )

            [1] => Array
                (
                    [id] => 4
                    [name] => 04.jpg
                    [view] => 7
                )

            [2] => Array
                (
                    [id] => 1
                    [name] => 01.jpg
                    [view] => 4
                )

            [3] => Array
                (
                    [id] => 2
                    [name] => 02.jpg
                    [view] => 4
                )

            [4] => Array
                (
                    [id] => 3
                    [name] => 03.jpg
                    [view] => 4
                )

            [5] => Array
                (
                    [id] => 15
                    [name] => 15.jpg
                    [view] => 4
                )

            [6] => Array
                (
                    [id] => 17
                    [name] => xIRYP-0tN-4.jpg
                    [view] => 2
                )

            [7] => Array
                (
                    [id] => 14
                    [name] => 14.jpg
                    [view] => 1
                )

            [8] => Array
                (
                    [id] => 16
                    [name] => rospotrebnadzor.jpg
                    [view] => 1
                )

            [9] => Array
                (
                    [id] => 7
                    [name] => 06.jpg
                    [view] => 0
                )

            [10] => Array
                (
                    [id] => 8
                    [name] => 07.jpg
                    [view] => 0
                )

            [11] => Array
                (
                    [id] => 9
                    [name] => 08.jpg
                    [view] => 0
                )

            [12] => Array
                (
                    [id] => 10
                    [name] => 09.jpg
                    [view] => 0
                )

            [13] => Array
                (
                    [id] => 11
                    [name] => 10.jpg
                    [view] => 0
                )

            [14] => Array
                (
                    [id] => 12
                    [name] => 12.jpg
                    [view] => 0
                )

            [15] => Array
                (
                    [id] => 13
                    [name] => 13.jpg
                    [view] => 0
                )

        )

)



### 17.04.2019 17:32:14
Array
(
    [name] => 15.jpg
    [big] => img/gallery/big/15.jpg
)



### 17.04.2019 17:32:14
Array
(
    [images] => Array
        (
            [0] => Array
                (
                    [id] => 5
                    [name] => 05.jpg
                    [view] => 10
                )

            [1] => Array
                (
                    [id] => 4
                    [name] => 04.jpg
                    [view] => 7
                )

            [2] => Array
                (
                    [id] => 15
                    [name] => 15.jpg
                    [view] => 5
                )

            [3] => Array
                (
                    [id] => 1
                    [name] => 01.jpg
                    [view] => 4
                )

            [4] => Array
                (
                    [id] => 2
                    [name] => 02.jpg
                    [view] => 4
                )

            [5] => Array
                (
                    [id] => 3
                    [name] => 03.jpg
                    [view] => 4
                )

            [6] => Array
                (
                    [id] => 17
                    [name] => xIRYP-0tN-4.jpg
                    [view] => 2
                )

            [7] => Array
                (
                    [id] => 14
                    [name] => 14.jpg
                    [view] => 1
                )

            [8] => Array
                (
                    [id] => 16
                    [name] => rospotrebnadzor.jpg
                    [view] => 1
                )

            [9] => Array
                (
                    [id] => 7
                    [name] => 06.jpg
                    [view] => 0
                )

            [10] => Array
                (
                    [id] => 8
                    [name] => 07.jpg
                    [view] => 0
                )

            [11] => Array
                (
                    [id] => 9
                    [name] => 08.jpg
                    [view] => 0
                )

            [12] => Array
                (
                    [id] => 10
                    [name] => 09.jpg
                    [view] => 0
                )

            [13] => Array
                (
                    [id] => 11
                    [name] => 10.jpg
                    [view] => 0
                )

            [14] => Array
                (
                    [id] => 12
                    [name] => 12.jpg
                    [view] => 0
                )

            [15] => Array
                (
                    [id] => 13
                    [name] => 13.jpg
                    [view] => 0
                )

        )

)



### 17.04.2019 17:40:30
Array
(
    [images] => Array
        (
            [0] => Array
                (
                    [id] => 5
                    [name] => 05.jpg
                    [view] => 10
                )

            [1] => Array
                (
                    [id] => 4
                    [name] => 04.jpg
                    [view] => 7
                )

            [2] => Array
                (
                    [id] => 15
                    [name] => 15.jpg
                    [view] => 5
                )

            [3] => Array
                (
                    [id] => 1
                    [name] => 01.jpg
                    [view] => 4
                )

            [4] => Array
                (
                    [id] => 2
                    [name] => 02.jpg
                    [view] => 4
                )

            [5] => Array
                (
                    [id] => 3
                    [name] => 03.jpg
                    [view] => 4
                )

            [6] => Array
                (
                    [id] => 17
                    [name] => xIRYP-0tN-4.jpg
                    [view] => 2
                )

            [7] => Array
                (
                    [id] => 14
                    [name] => 14.jpg
                    [view] => 1
                )

            [8] => Array
                (
                    [id] => 16
                    [name] => rospotrebnadzor.jpg
                    [view] => 1
                )

            [9] => Array
                (
                    [id] => 7
                    [name] => 06.jpg
                    [view] => 0
                )

            [10] => Array
                (
                    [id] => 8
                    [name] => 07.jpg
                    [view] => 0
                )

            [11] => Array
                (
                    [id] => 9
                    [name] => 08.jpg
                    [view] => 0
                )

            [12] => Array
                (
                    [id] => 10
                    [name] => 09.jpg
                    [view] => 0
                )

            [13] => Array
                (
                    [id] => 11
                    [name] => 10.jpg
                    [view] => 0
                )

            [14] => Array
                (
                    [id] => 12
                    [name] => 12.jpg
                    [view] => 0
                )

            [15] => Array
                (
                    [id] => 13
                    [name] => 13.jpg
                    [view] => 0
                )

        )

)



### 17.04.2019 17:40:38
Array
(
    [name] => xIRYP-0tN-4.jpg
    [big] => img/gallery/big/xIRYP-0tN-4.jpg
)



### 17.04.2019 17:40:39
Array
(
    [images] => Array
        (
            [0] => Array
                (
                    [id] => 5
                    [name] => 05.jpg
                    [view] => 10
                )

            [1] => Array
                (
                    [id] => 4
                    [name] => 04.jpg
                    [view] => 7
                )

            [2] => Array
                (
                    [id] => 15
                    [name] => 15.jpg
                    [view] => 5
                )

            [3] => Array
                (
                    [id] => 1
                    [name] => 01.jpg
                    [view] => 4
                )

            [4] => Array
                (
                    [id] => 2
                    [name] => 02.jpg
                    [view] => 4
                )

            [5] => Array
                (
                    [id] => 3
                    [name] => 03.jpg
                    [view] => 4
                )

            [6] => Array
                (
                    [id] => 17
                    [name] => xIRYP-0tN-4.jpg
                    [view] => 3
                )

            [7] => Array
                (
                    [id] => 14
                    [name] => 14.jpg
                    [view] => 1
                )

            [8] => Array
                (
                    [id] => 16
                    [name] => rospotrebnadzor.jpg
                    [view] => 1
                )

            [9] => Array
                (
                    [id] => 7
                    [name] => 06.jpg
                    [view] => 0
                )

            [10] => Array
                (
                    [id] => 8
                    [name] => 07.jpg
                    [view] => 0
                )

            [11] => Array
                (
                    [id] => 9
                    [name] => 08.jpg
                    [view] => 0
                )

            [12] => Array
                (
                    [id] => 10
                    [name] => 09.jpg
                    [view] => 0
                )

            [13] => Array
                (
                    [id] => 11
                    [name] => 10.jpg
                    [view] => 0
                )

            [14] => Array
                (
                    [id] => 12
                    [name] => 12.jpg
                    [view] => 0
                )

            [15] => Array
                (
                    [id] => 13
                    [name] => 13.jpg
                    [view] => 0
                )

        )

)



### 17.04.2019 17:44:40
Array
(
    [images] => Array
        (
            [0] => Array
                (
                    [id] => 5
                    [name] => 05.jpg
                    [view] => 10
                )

            [1] => Array
                (
                    [id] => 4
                    [name] => 04.jpg
                    [view] => 7
                )

            [2] => Array
                (
                    [id] => 15
                    [name] => 15.jpg
                    [view] => 5
                )

            [3] => Array
                (
                    [id] => 1
                    [name] => 01.jpg
                    [view] => 4
                )

            [4] => Array
                (
                    [id] => 2
                    [name] => 02.jpg
                    [view] => 4
                )

            [5] => Array
                (
                    [id] => 3
                    [name] => 03.jpg
                    [view] => 4
                )

            [6] => Array
                (
                    [id] => 17
                    [name] => xIRYP-0tN-4.jpg
                    [view] => 3
                )

            [7] => Array
                (
                    [id] => 14
                    [name] => 14.jpg
                    [view] => 1
                )

            [8] => Array
                (
                    [id] => 16
                    [name] => rospotrebnadzor.jpg
                    [view] => 1
                )

            [9] => Array
                (
                    [id] => 7
                    [name] => 06.jpg
                    [view] => 0
                )

            [10] => Array
                (
                    [id] => 8
                    [name] => 07.jpg
                    [view] => 0
                )

            [11] => Array
                (
                    [id] => 9
                    [name] => 08.jpg
                    [view] => 0
                )

            [12] => Array
                (
                    [id] => 10
                    [name] => 09.jpg
                    [view] => 0
                )

            [13] => Array
                (
                    [id] => 11
                    [name] => 10.jpg
                    [view] => 0
                )

            [14] => Array
                (
                    [id] => 12
                    [name] => 12.jpg
                    [view] => 0
                )

            [15] => Array
                (
                    [id] => 13
                    [name] => 13.jpg
                    [view] => 0
                )

        )

)



### 17.04.2019 19:04:07
Array
(
    [images] => Array
        (
            [0] => Array
                (
                    [id] => 5
                    [name] => 05.jpg
                    [view] => 10
                )

            [1] => Array
                (
                    [id] => 4
                    [name] => 04.jpg
                    [view] => 7
                )

            [2] => Array
                (
                    [id] => 15
                    [name] => 15.jpg
                    [view] => 5
                )

            [3] => Array
                (
                    [id] => 1
                    [name] => 01.jpg
                    [view] => 4
                )

            [4] => Array
                (
                    [id] => 2
                    [name] => 02.jpg
                    [view] => 4
                )

            [5] => Array
                (
                    [id] => 3
                    [name] => 03.jpg
                    [view] => 4
                )

            [6] => Array
                (
                    [id] => 17
                    [name] => xIRYP-0tN-4.jpg
                    [view] => 3
                )

            [7] => Array
                (
                    [id] => 14
                    [name] => 14.jpg
                    [view] => 1
                )

            [8] => Array
                (
                    [id] => 16
                    [name] => rospotrebnadzor.jpg
                    [view] => 1
                )

            [9] => Array
                (
                    [id] => 7
                    [name] => 06.jpg
                    [view] => 0
                )

            [10] => Array
                (
                    [id] => 8
                    [name] => 07.jpg
                    [view] => 0
                )

            [11] => Array
                (
                    [id] => 9
                    [name] => 08.jpg
                    [view] => 0
                )

            [12] => Array
                (
                    [id] => 10
                    [name] => 09.jpg
                    [view] => 0
                )

            [13] => Array
                (
                    [id] => 11
                    [name] => 10.jpg
                    [view] => 0
                )

            [14] => Array
                (
                    [id] => 12
                    [name] => 12.jpg
                    [view] => 0
                )

            [15] => Array
                (
                    [id] => 13
                    [name] => 13.jpg
                    [view] => 0
                )

        )

)



### 17.04.2019 19:13:10
Array
(
)



### 17.04.2019 19:13:15
Array
(
)



### 17.04.2019 19:26:21
Array
(
    [images] => Array
        (
            [0] => Array
                (
                    [id] => 5
                    [name] => 05.jpg
                    [view] => 10
                )

            [1] => Array
                (
                    [id] => 4
                    [name] => 04.jpg
                    [view] => 7
                )

            [2] => Array
                (
                    [id] => 15
                    [name] => 15.jpg
                    [view] => 5
                )

            [3] => Array
                (
                    [id] => 1
                    [name] => 01.jpg
                    [view] => 4
                )

            [4] => Array
                (
                    [id] => 2
                    [name] => 02.jpg
                    [view] => 4
                )

            [5] => Array
                (
                    [id] => 3
                    [name] => 03.jpg
                    [view] => 4
                )

            [6] => Array
                (
                    [id] => 17
                    [name] => xIRYP-0tN-4.jpg
                    [view] => 3
                )

            [7] => Array
                (
                    [id] => 14
                    [name] => 14.jpg
                    [view] => 1
                )

            [8] => Array
                (
                    [id] => 16
                    [name] => rospotrebnadzor.jpg
                    [view] => 1
                )

            [9] => Array
                (
                    [id] => 7
                    [name] => 06.jpg
                    [view] => 0
                )

            [10] => Array
                (
                    [id] => 8
                    [name] => 07.jpg
                    [view] => 0
                )

            [11] => Array
                (
                    [id] => 9
                    [name] => 08.jpg
                    [view] => 0
                )

            [12] => Array
                (
                    [id] => 10
                    [name] => 09.jpg
                    [view] => 0
                )

            [13] => Array
                (
                    [id] => 11
                    [name] => 10.jpg
                    [view] => 0
                )

            [14] => Array
                (
                    [id] => 12
                    [name] => 12.jpg
                    [view] => 0
                )

            [15] => Array
                (
                    [id] => 13
                    [name] => 13.jpg
                    [view] => 0
                )

        )

)



### 17.04.2019 19:26:27
Array
(
    [images] => Array
        (
            [0] => Array
                (
                    [id] => 5
                    [name] => 05.jpg
                    [view] => 10
                )

            [1] => Array
                (
                    [id] => 4
                    [name] => 04.jpg
                    [view] => 7
                )

            [2] => Array
                (
                    [id] => 15
                    [name] => 15.jpg
                    [view] => 5
                )

            [3] => Array
                (
                    [id] => 1
                    [name] => 01.jpg
                    [view] => 4
                )

            [4] => Array
                (
                    [id] => 2
                    [name] => 02.jpg
                    [view] => 4
                )

            [5] => Array
                (
                    [id] => 3
                    [name] => 03.jpg
                    [view] => 4
                )

            [6] => Array
                (
                    [id] => 17
                    [name] => xIRYP-0tN-4.jpg
                    [view] => 3
                )

            [7] => Array
                (
                    [id] => 14
                    [name] => 14.jpg
                    [view] => 1
                )

            [8] => Array
                (
                    [id] => 16
                    [name] => rospotrebnadzor.jpg
                    [view] => 1
                )

            [9] => Array
                (
                    [id] => 7
                    [name] => 06.jpg
                    [view] => 0
                )

            [10] => Array
                (
                    [id] => 8
                    [name] => 07.jpg
                    [view] => 0
                )

            [11] => Array
                (
                    [id] => 9
                    [name] => 08.jpg
                    [view] => 0
                )

            [12] => Array
                (
                    [id] => 10
                    [name] => 09.jpg
                    [view] => 0
                )

            [13] => Array
                (
                    [id] => 11
                    [name] => 10.jpg
                    [view] => 0
                )

            [14] => Array
                (
                    [id] => 12
                    [name] => 12.jpg
                    [view] => 0
                )

            [15] => Array
                (
                    [id] => 13
                    [name] => 13.jpg
                    [view] => 0
                )

        )

)



### 17.04.2019 19:26:31
Array
(
)



### 17.04.2019 19:26:37
Array
(
    [name] => 02.jpg
    [big] => img/gallery/big/02.jpg
)



### 17.04.2019 19:26:38
Array
(
    [images] => Array
        (
            [0] => Array
                (
                    [id] => 5
                    [name] => 05.jpg
                    [view] => 10
                )

            [1] => Array
                (
                    [id] => 4
                    [name] => 04.jpg
                    [view] => 7
                )

            [2] => Array
                (
                    [id] => 2
                    [name] => 02.jpg
                    [view] => 5
                )

            [3] => Array
                (
                    [id] => 15
                    [name] => 15.jpg
                    [view] => 5
                )

            [4] => Array
                (
                    [id] => 1
                    [name] => 01.jpg
                    [view] => 4
                )

            [5] => Array
                (
                    [id] => 3
                    [name] => 03.jpg
                    [view] => 4
                )

            [6] => Array
                (
                    [id] => 17
                    [name] => xIRYP-0tN-4.jpg
                    [view] => 3
                )

            [7] => Array
                (
                    [id] => 14
                    [name] => 14.jpg
                    [view] => 1
                )

            [8] => Array
                (
                    [id] => 16
                    [name] => rospotrebnadzor.jpg
                    [view] => 1
                )

            [9] => Array
                (
                    [id] => 7
                    [name] => 06.jpg
                    [view] => 0
                )

            [10] => Array
                (
                    [id] => 8
                    [name] => 07.jpg
                    [view] => 0
                )

            [11] => Array
                (
                    [id] => 9
                    [name] => 08.jpg
                    [view] => 0
                )

            [12] => Array
                (
                    [id] => 10
                    [name] => 09.jpg
                    [view] => 0
                )

            [13] => Array
                (
                    [id] => 11
                    [name] => 10.jpg
                    [view] => 0
                )

            [14] => Array
                (
                    [id] => 12
                    [name] => 12.jpg
                    [view] => 0
                )

            [15] => Array
                (
                    [id] => 13
                    [name] => 13.jpg
                    [view] => 0
                )

        )

)



### 17.04.2019 19:26:41
Array
(
    [name] => 13.jpg
    [big] => img/gallery/big/13.jpg
)



### 17.04.2019 19:26:43
Array
(
    [images] => Array
        (
            [0] => Array
                (
                    [id] => 5
                    [name] => 05.jpg
                    [view] => 10
                )

            [1] => Array
                (
                    [id] => 4
                    [name] => 04.jpg
                    [view] => 7
                )

            [2] => Array
                (
                    [id] => 2
                    [name] => 02.jpg
                    [view] => 5
                )

            [3] => Array
                (
                    [id] => 15
                    [name] => 15.jpg
                    [view] => 5
                )

            [4] => Array
                (
                    [id] => 1
                    [name] => 01.jpg
                    [view] => 4
                )

            [5] => Array
                (
                    [id] => 3
                    [name] => 03.jpg
                    [view] => 4
                )

            [6] => Array
                (
                    [id] => 17
                    [name] => xIRYP-0tN-4.jpg
                    [view] => 3
                )

            [7] => Array
                (
                    [id] => 13
                    [name] => 13.jpg
                    [view] => 1
                )

            [8] => Array
                (
                    [id] => 14
                    [name] => 14.jpg
                    [view] => 1
                )

            [9] => Array
                (
                    [id] => 16
                    [name] => rospotrebnadzor.jpg
                    [view] => 1
                )

            [10] => Array
                (
                    [id] => 7
                    [name] => 06.jpg
                    [view] => 0
                )

            [11] => Array
                (
                    [id] => 8
                    [name] => 07.jpg
                    [view] => 0
                )

            [12] => Array
                (
                    [id] => 9
                    [name] => 08.jpg
                    [view] => 0
                )

            [13] => Array
                (
                    [id] => 10
                    [name] => 09.jpg
                    [view] => 0
                )

            [14] => Array
                (
                    [id] => 11
                    [name] => 10.jpg
                    [view] => 0
                )

            [15] => Array
                (
                    [id] => 12
                    [name] => 12.jpg
                    [view] => 0
                )

        )

)



### 17.04.2019 19:26:45
Array
(
    [name] => rospotrebnadzor.jpg
    [big] => img/gallery/big/rospotrebnadzor.jpg
)



### 17.04.2019 19:26:48
Array
(
    [images] => Array
        (
            [0] => Array
                (
                    [id] => 5
                    [name] => 05.jpg
                    [view] => 10
                )

            [1] => Array
                (
                    [id] => 4
                    [name] => 04.jpg
                    [view] => 7
                )

            [2] => Array
                (
                    [id] => 2
                    [name] => 02.jpg
                    [view] => 5
                )

            [3] => Array
                (
                    [id] => 15
                    [name] => 15.jpg
                    [view] => 5
                )

            [4] => Array
                (
                    [id] => 1
                    [name] => 01.jpg
                    [view] => 4
                )

            [5] => Array
                (
                    [id] => 3
                    [name] => 03.jpg
                    [view] => 4
                )

            [6] => Array
                (
                    [id] => 17
                    [name] => xIRYP-0tN-4.jpg
                    [view] => 3
                )

            [7] => Array
                (
                    [id] => 16
                    [name] => rospotrebnadzor.jpg
                    [view] => 2
                )

            [8] => Array
                (
                    [id] => 13
                    [name] => 13.jpg
                    [view] => 1
                )

            [9] => Array
                (
                    [id] => 14
                    [name] => 14.jpg
                    [view] => 1
                )

            [10] => Array
                (
                    [id] => 7
                    [name] => 06.jpg
                    [view] => 0
                )

            [11] => Array
                (
                    [id] => 8
                    [name] => 07.jpg
                    [view] => 0
                )

            [12] => Array
                (
                    [id] => 9
                    [name] => 08.jpg
                    [view] => 0
                )

            [13] => Array
                (
                    [id] => 10
                    [name] => 09.jpg
                    [view] => 0
                )

            [14] => Array
                (
                    [id] => 11
                    [name] => 10.jpg
                    [view] => 0
                )

            [15] => Array
                (
                    [id] => 12
                    [name] => 12.jpg
                    [view] => 0
                )

        )

)



